<?xml version="1.0" encoding="UTF-8"?>
<testsuite xmlns:xsi="http://www.w3.org/2001/XMLSchema-instance" xsi:noNamespaceSchemaLocation="https://maven.apache.org/surefire/maven-surefire-plugin/xsd/surefire-test-report.xsd" name="lambdatest_p.TestNGTodo" time="10.239" tests="1" errors="0" skipped="0" failures="0">
  <properties>
    <property name="awt.toolkit" value="sun.awt.X11.XToolkit"/>
    <property name="java.specification.version" value="11"/>
    <property name="sun.cpu.isalist" value=""/>
    <property name="sun.jnu.encoding" value="UTF-8"/>
    <property name="java.class.path" value="/workspace/lambdatest_certification/target/test-classes:/workspace/lambdatest_certification/target/classes:/workspace/m2-repository/org/apache/maven/plugins/maven-surefire-plugin/2.21.0/maven-surefire-plugin-2.21.0.jar:/workspace/m2-repository/org/apache/maven/surefire/maven-surefire-common/2.21.0/maven-surefire-common-2.21.0.jar:/workspace/m2-repository/org/apache/maven/maven-plugin-api/2.2.1/maven-plugin-api-2.2.1.jar:/workspace/m2-repository/org/apache/maven/plugin-tools/maven-plugin-annotations/3.5/maven-plugin-annotations-3.5.jar:/workspace/m2-repository/org/apache/maven/surefire/surefire-booter/2.21.0/surefire-booter-2.21.0.jar:/workspace/m2-repository/org/apache/maven/maven-artifact/2.2.1/maven-artifact-2.2.1.jar:/workspace/m2-repository/org/codehaus/plexus/plexus-utils/1.5.15/plexus-utils-1.5.15.jar:/workspace/m2-repository/org/apache/maven/maven-plugin-descriptor/2.2.1/maven-plugin-descriptor-2.2.1.jar:/workspace/m2-repository/org/codehaus/plexus/plexus-container-default/1.0-alpha-9-stable-1/plexus-container-default-1.0-alpha-9-stable-1.jar:/workspace/m2-repository/org/apache/maven/maven-project/2.2.1/maven-project-2.2.1.jar:/workspace/m2-repository/org/apache/maven/maven-settings/2.2.1/maven-settings-2.2.1.jar:/workspace/m2-repository/org/apache/maven/maven-profile/2.2.1/maven-profile-2.2.1.jar:/workspace/m2-repository/org/apache/maven/maven-artifact-manager/2.2.1/maven-artifact-manager-2.2.1.jar:/workspace/m2-repository/backport-util-concurrent/backport-util-concurrent/3.1/backport-util-concurrent-3.1.jar:/workspace/m2-repository/org/apache/maven/maven-plugin-registry/2.2.1/maven-plugin-registry-2.2.1.jar:/workspace/m2-repository/org/codehaus/plexus/plexus-interpolation/1.11/plexus-interpolation-1.11.jar:/workspace/m2-repository/org/apache/maven/maven-model/2.2.1/maven-model-2.2.1.jar:/workspace/m2-repository/org/apache/maven/maven-core/2.2.1/maven-core-2.2.1.jar:/workspace/m2-repository/org/apache/maven/maven-plugin-parameter-documenter/2.2.1/maven-plugin-parameter-documenter-2.2.1.jar:/workspace/m2-repository/org/apache/maven/wagon/wagon-http/1.0-beta-6/wagon-http-1.0-beta-6.jar:/workspace/m2-repository/org/apache/maven/wagon/wagon-http-shared/1.0-beta-6/wagon-http-shared-1.0-beta-6.jar:/workspace/m2-repository/nekohtml/xercesMinimal/1.9.6.2/xercesMinimal-1.9.6.2.jar:/workspace/m2-repository/nekohtml/nekohtml/1.9.6.2/nekohtml-1.9.6.2.jar:/workspace/m2-repository/commons-httpclient/commons-httpclient/3.1/commons-httpclient-3.1.jar:/workspace/m2-repository/org/apache/maven/wagon/wagon-webdav-jackrabbit/1.0-beta-6/wagon-webdav-jackrabbit-1.0-beta-6.jar:/workspace/m2-repository/org/apache/jackrabbit/jackrabbit-webdav/1.5.0/jackrabbit-webdav-1.5.0.jar:/workspace/m2-repository/org/apache/jackrabbit/jackrabbit-jcr-commons/1.5.0/jackrabbit-jcr-commons-1.5.0.jar:/workspace/m2-repository/org/slf4j/slf4j-nop/1.5.3/slf4j-nop-1.5.3.jar:/workspace/m2-repository/org/slf4j/slf4j-jdk14/1.5.6/slf4j-jdk14-1.5.6.jar:/workspace/m2-repository/org/slf4j/slf4j-api/1.5.6/slf4j-api-1.5.6.jar:/workspace/m2-repository/org/slf4j/jcl-over-slf4j/1.5.6/jcl-over-slf4j-1.5.6.jar:/workspace/m2-repository/org/apache/maven/reporting/maven-reporting-api/2.2.1/maven-reporting-api-2.2.1.jar:/workspace/m2-repository/org/apache/maven/doxia/doxia-logging-api/1.1/doxia-logging-api-1.1.jar:/workspace/m2-repository/org/apache/maven/wagon/wagon-provider-api/1.0-beta-6/wagon-provider-api-1.0-beta-6.jar:/workspace/m2-repository/org/apache/maven/maven-repository-metadata/2.2.1/maven-repository-metadata-2.2.1.jar:/workspace/m2-repository/org/apache/maven/maven-error-diagnostics/2.2.1/maven-error-diagnostics-2.2.1.jar:/workspace/m2-repository/org/apache/maven/maven-monitor/2.2.1/maven-monitor-2.2.1.jar:/workspace/m2-repository/classworlds/classworlds/1.1/classworlds-1.1.jar:/workspace/m2-repository/org/sonatype/plexus/plexus-sec-dispatcher/1.3/plexus-sec-dispatcher-1.3.jar:/workspace/m2-repository/org/sonatype/plexus/plexus-cipher/1.4/plexus-cipher-1.4.jar:/workspace/m2-repository/org/apache/maven/maven-toolchain/2.2.1/maven-toolchain-2.2.1.jar:/workspace/m2-repository/org/codehaus/plexus/plexus-java/0.9.3/plexus-java-0.9.3.jar:/workspace/m2-repository/org/ow2/asm/asm/6.0_BETA/asm-6.0_BETA.jar:/workspace/m2-repository/com/thoughtworks/qdox/qdox/2.0-M7/qdox-2.0-M7.jar:/workspace/m2-repository/org/junit/platform/junit-platform-surefire-provider/1.0.3/junit-platform-surefire-provider-1.0.3.jar:/workspace/m2-repository/org/apiguardian/apiguardian-api/1.0.0/apiguardian-api-1.0.0.jar:/workspace/m2-repository/org/junit/platform/junit-platform-launcher/1.0.3/junit-platform-launcher-1.0.3.jar:/workspace/m2-repository/org/apache/maven/surefire/surefire-api/2.19.1/surefire-api-2.19.1.jar:/workspace/m2-repository/org/apache/maven/surefire/common-java5/2.19.1/common-java5-2.19.1.jar:/workspace/m2-repository/org/junit/jupiter/junit-jupiter-engine/5.0.3/junit-jupiter-engine-5.0.3.jar:/workspace/m2-repository/org/junit/platform/junit-platform-engine/1.0.3/junit-platform-engine-1.0.3.jar:/workspace/m2-repository/org/junit/platform/junit-platform-commons/1.0.3/junit-platform-commons-1.0.3.jar:/workspace/m2-repository/org/opentest4j/opentest4j/1.0.0/opentest4j-1.0.0.jar:/workspace/m2-repository/org/junit/jupiter/junit-jupiter-api/5.0.3/junit-jupiter-api-5.0.3.jar:/workspace/m2-repository/org/seleniumhq/selenium/selenium-java/3.141.59/selenium-java-3.141.59.jar:/workspace/m2-repository/org/seleniumhq/selenium/selenium-api/3.141.59/selenium-api-3.141.59.jar:/workspace/m2-repository/org/seleniumhq/selenium/selenium-chrome-driver/3.141.59/selenium-chrome-driver-3.141.59.jar:/workspace/m2-repository/org/seleniumhq/selenium/selenium-edge-driver/3.141.59/selenium-edge-driver-3.141.59.jar:/workspace/m2-repository/org/seleniumhq/selenium/selenium-firefox-driver/3.141.59/selenium-firefox-driver-3.141.59.jar:/workspace/m2-repository/org/seleniumhq/selenium/selenium-ie-driver/3.141.59/selenium-ie-driver-3.141.59.jar:/workspace/m2-repository/org/seleniumhq/selenium/selenium-opera-driver/3.141.59/selenium-opera-driver-3.141.59.jar:/workspace/m2-repository/org/seleniumhq/selenium/selenium-remote-driver/3.141.59/selenium-remote-driver-3.141.59.jar:/workspace/m2-repository/org/seleniumhq/selenium/selenium-safari-driver/3.141.59/selenium-safari-driver-3.141.59.jar:/workspace/m2-repository/org/seleniumhq/selenium/selenium-support/3.141.59/selenium-support-3.141.59.jar:/workspace/m2-repository/net/bytebuddy/byte-buddy/1.8.15/byte-buddy-1.8.15.jar:/workspace/m2-repository/org/apache/commons/commons-exec/1.3/commons-exec-1.3.jar:/workspace/m2-repository/com/squareup/okhttp3/okhttp/3.11.0/okhttp-3.11.0.jar:/workspace/m2-repository/com/squareup/okio/okio/1.14.0/okio-1.14.0.jar:/workspace/m2-repository/com/google/guava/guava/30.0-jre/guava-30.0-jre.jar:/workspace/m2-repository/com/google/guava/failureaccess/1.0.1/failureaccess-1.0.1.jar:/workspace/m2-repository/com/google/guava/listenablefuture/9999.0-empty-to-avoid-conflict-with-guava/listenablefuture-9999.0-empty-to-avoid-conflict-with-guava.jar:/workspace/m2-repository/com/google/code/findbugs/jsr305/3.0.2/jsr305-3.0.2.jar:/workspace/m2-repository/org/checkerframework/checker-qual/3.5.0/checker-qual-3.5.0.jar:/workspace/m2-repository/com/google/errorprone/error_prone_annotations/2.3.4/error_prone_annotations-2.3.4.jar:/workspace/m2-repository/com/google/j2objc/j2objc-annotations/1.3/j2objc-annotations-1.3.jar:/workspace/m2-repository/org/testng/testng/7.3.0/testng-7.3.0.jar:/workspace/m2-repository/com/beust/jcommander/1.78/jcommander-1.78.jar:/workspace/m2-repository/org/apache/ant/ant/1.10.3/ant-1.10.3.jar:/workspace/m2-repository/org/apache/ant/ant-launcher/1.10.3/ant-launcher-1.10.3.jar:/workspace/m2-repository/junit/junit/4.12/junit-4.12.jar:/workspace/m2-repository/org/hamcrest/hamcrest-core/1.3/hamcrest-core-1.3.jar:/workspace/m2-repository/com/google/inject/guice/4.2.2/guice-4.2.2-no_aop.jar:/workspace/m2-repository/javax/inject/javax.inject/1/javax.inject-1.jar:/workspace/m2-repository/aopalliance/aopalliance/1.0/aopalliance-1.0.jar:/workspace/m2-repository/org/yaml/snakeyaml/1.21/snakeyaml-1.21.jar:/workspace/m2-repository/org/apache/poi/poi/4.1.2/poi-4.1.2.jar:/workspace/m2-repository/commons-codec/commons-codec/1.13/commons-codec-1.13.jar:/workspace/m2-repository/org/apache/commons/commons-collections4/4.4/commons-collections4-4.4.jar:/workspace/m2-repository/org/apache/commons/commons-math3/3.6.1/commons-math3-3.6.1.jar:/workspace/m2-repository/com/zaxxer/SparseBitSet/1.2/SparseBitSet-1.2.jar:"/>
    <property name="java.vm.vendor" value="Azul Systems, Inc."/>
    <property name="sun.arch.data.model" value="64"/>
    <property name="java.vendor.url" value="http://www.azulsystems.com/"/>
    <property name="user.timezone" value=""/>
    <property name="java.vm.specification.version" value="11"/>
    <property name="os.name" value="Linux"/>
    <property name="sun.java.launcher" value="SUN_STANDARD"/>
    <property name="user.country" value="US"/>
    <property name="sun.boot.library.path" value="/home/gitpod/.sdkman/candidates/java/11.0.10.fx-zulu/lib"/>
    <property name="sun.java.command" value="/workspace/lambdatest_certification/target/surefire/surefirebooter13331587124523742480.jar /workspace/lambdatest_certification/target/surefire 2021-05-31T19-38-42_214-jvmRun1 surefire10419432286280864032tmp surefire_02061844529293964295tmp"/>
    <property name="jdk.debug" value="release"/>
    <property name="surefire.test.class.path" value="/workspace/lambdatest_certification/target/test-classes:/workspace/lambdatest_certification/target/classes:/workspace/m2-repository/org/apache/maven/plugins/maven-surefire-plugin/2.21.0/maven-surefire-plugin-2.21.0.jar:/workspace/m2-repository/org/apache/maven/surefire/maven-surefire-common/2.21.0/maven-surefire-common-2.21.0.jar:/workspace/m2-repository/org/apache/maven/maven-plugin-api/2.2.1/maven-plugin-api-2.2.1.jar:/workspace/m2-repository/org/apache/maven/plugin-tools/maven-plugin-annotations/3.5/maven-plugin-annotations-3.5.jar:/workspace/m2-repository/org/apache/maven/surefire/surefire-booter/2.21.0/surefire-booter-2.21.0.jar:/workspace/m2-repository/org/apache/maven/maven-artifact/2.2.1/maven-artifact-2.2.1.jar:/workspace/m2-repository/org/codehaus/plexus/plexus-utils/1.5.15/plexus-utils-1.5.15.jar:/workspace/m2-repository/org/apache/maven/maven-plugin-descriptor/2.2.1/maven-plugin-descriptor-2.2.1.jar:/workspace/m2-repository/org/codehaus/plexus/plexus-container-default/1.0-alpha-9-stable-1/plexus-container-default-1.0-alpha-9-stable-1.jar:/workspace/m2-repository/org/apache/maven/maven-project/2.2.1/maven-project-2.2.1.jar:/workspace/m2-repository/org/apache/maven/maven-settings/2.2.1/maven-settings-2.2.1.jar:/workspace/m2-repository/org/apache/maven/maven-profile/2.2.1/maven-profile-2.2.1.jar:/workspace/m2-repository/org/apache/maven/maven-artifact-manager/2.2.1/maven-artifact-manager-2.2.1.jar:/workspace/m2-repository/backport-util-concurrent/backport-util-concurrent/3.1/backport-util-concurrent-3.1.jar:/workspace/m2-repository/org/apache/maven/maven-plugin-registry/2.2.1/maven-plugin-registry-2.2.1.jar:/workspace/m2-repository/org/codehaus/plexus/plexus-interpolation/1.11/plexus-interpolation-1.11.jar:/workspace/m2-repository/org/apache/maven/maven-model/2.2.1/maven-model-2.2.1.jar:/workspace/m2-repository/org/apache/maven/maven-core/2.2.1/maven-core-2.2.1.jar:/workspace/m2-repository/org/apache/maven/maven-plugin-parameter-documenter/2.2.1/maven-plugin-parameter-documenter-2.2.1.jar:/workspace/m2-repository/org/apache/maven/wagon/wagon-http/1.0-beta-6/wagon-http-1.0-beta-6.jar:/workspace/m2-repository/org/apache/maven/wagon/wagon-http-shared/1.0-beta-6/wagon-http-shared-1.0-beta-6.jar:/workspace/m2-repository/nekohtml/xercesMinimal/1.9.6.2/xercesMinimal-1.9.6.2.jar:/workspace/m2-repository/nekohtml/nekohtml/1.9.6.2/nekohtml-1.9.6.2.jar:/workspace/m2-repository/commons-httpclient/commons-httpclient/3.1/commons-httpclient-3.1.jar:/workspace/m2-repository/org/apache/maven/wagon/wagon-webdav-jackrabbit/1.0-beta-6/wagon-webdav-jackrabbit-1.0-beta-6.jar:/workspace/m2-repository/org/apache/jackrabbit/jackrabbit-webdav/1.5.0/jackrabbit-webdav-1.5.0.jar:/workspace/m2-repository/org/apache/jackrabbit/jackrabbit-jcr-commons/1.5.0/jackrabbit-jcr-commons-1.5.0.jar:/workspace/m2-repository/org/slf4j/slf4j-nop/1.5.3/slf4j-nop-1.5.3.jar:/workspace/m2-repository/org/slf4j/slf4j-jdk14/1.5.6/slf4j-jdk14-1.5.6.jar:/workspace/m2-repository/org/slf4j/slf4j-api/1.5.6/slf4j-api-1.5.6.jar:/workspace/m2-repository/org/slf4j/jcl-over-slf4j/1.5.6/jcl-over-slf4j-1.5.6.jar:/workspace/m2-repository/org/apache/maven/reporting/maven-reporting-api/2.2.1/maven-reporting-api-2.2.1.jar:/workspace/m2-repository/org/apache/maven/doxia/doxia-logging-api/1.1/doxia-logging-api-1.1.jar:/workspace/m2-repository/org/apache/maven/wagon/wagon-provider-api/1.0-beta-6/wagon-provider-api-1.0-beta-6.jar:/workspace/m2-repository/org/apache/maven/maven-repository-metadata/2.2.1/maven-repository-metadata-2.2.1.jar:/workspace/m2-repository/org/apache/maven/maven-error-diagnostics/2.2.1/maven-error-diagnostics-2.2.1.jar:/workspace/m2-repository/org/apache/maven/maven-monitor/2.2.1/maven-monitor-2.2.1.jar:/workspace/m2-repository/classworlds/classworlds/1.1/classworlds-1.1.jar:/workspace/m2-repository/org/sonatype/plexus/plexus-sec-dispatcher/1.3/plexus-sec-dispatcher-1.3.jar:/workspace/m2-repository/org/sonatype/plexus/plexus-cipher/1.4/plexus-cipher-1.4.jar:/workspace/m2-repository/org/apache/maven/maven-toolchain/2.2.1/maven-toolchain-2.2.1.jar:/workspace/m2-repository/org/codehaus/plexus/plexus-java/0.9.3/plexus-java-0.9.3.jar:/workspace/m2-repository/org/ow2/asm/asm/6.0_BETA/asm-6.0_BETA.jar:/workspace/m2-repository/com/thoughtworks/qdox/qdox/2.0-M7/qdox-2.0-M7.jar:/workspace/m2-repository/org/junit/platform/junit-platform-surefire-provider/1.0.3/junit-platform-surefire-provider-1.0.3.jar:/workspace/m2-repository/org/apiguardian/apiguardian-api/1.0.0/apiguardian-api-1.0.0.jar:/workspace/m2-repository/org/junit/platform/junit-platform-launcher/1.0.3/junit-platform-launcher-1.0.3.jar:/workspace/m2-repository/org/apache/maven/surefire/surefire-api/2.19.1/surefire-api-2.19.1.jar:/workspace/m2-repository/org/apache/maven/surefire/common-java5/2.19.1/common-java5-2.19.1.jar:/workspace/m2-repository/org/junit/jupiter/junit-jupiter-engine/5.0.3/junit-jupiter-engine-5.0.3.jar:/workspace/m2-repository/org/junit/platform/junit-platform-engine/1.0.3/junit-platform-engine-1.0.3.jar:/workspace/m2-repository/org/junit/platform/junit-platform-commons/1.0.3/junit-platform-commons-1.0.3.jar:/workspace/m2-repository/org/opentest4j/opentest4j/1.0.0/opentest4j-1.0.0.jar:/workspace/m2-repository/org/junit/jupiter/junit-jupiter-api/5.0.3/junit-jupiter-api-5.0.3.jar:/workspace/m2-repository/org/seleniumhq/selenium/selenium-java/3.141.59/selenium-java-3.141.59.jar:/workspace/m2-repository/org/seleniumhq/selenium/selenium-api/3.141.59/selenium-api-3.141.59.jar:/workspace/m2-repository/org/seleniumhq/selenium/selenium-chrome-driver/3.141.59/selenium-chrome-driver-3.141.59.jar:/workspace/m2-repository/org/seleniumhq/selenium/selenium-edge-driver/3.141.59/selenium-edge-driver-3.141.59.jar:/workspace/m2-repository/org/seleniumhq/selenium/selenium-firefox-driver/3.141.59/selenium-firefox-driver-3.141.59.jar:/workspace/m2-repository/org/seleniumhq/selenium/selenium-ie-driver/3.141.59/selenium-ie-driver-3.141.59.jar:/workspace/m2-repository/org/seleniumhq/selenium/selenium-opera-driver/3.141.59/selenium-opera-driver-3.141.59.jar:/workspace/m2-repository/org/seleniumhq/selenium/selenium-remote-driver/3.141.59/selenium-remote-driver-3.141.59.jar:/workspace/m2-repository/org/seleniumhq/selenium/selenium-safari-driver/3.141.59/selenium-safari-driver-3.141.59.jar:/workspace/m2-repository/org/seleniumhq/selenium/selenium-support/3.141.59/selenium-support-3.141.59.jar:/workspace/m2-repository/net/bytebuddy/byte-buddy/1.8.15/byte-buddy-1.8.15.jar:/workspace/m2-repository/org/apache/commons/commons-exec/1.3/commons-exec-1.3.jar:/workspace/m2-repository/com/squareup/okhttp3/okhttp/3.11.0/okhttp-3.11.0.jar:/workspace/m2-repository/com/squareup/okio/okio/1.14.0/okio-1.14.0.jar:/workspace/m2-repository/com/google/guava/guava/30.0-jre/guava-30.0-jre.jar:/workspace/m2-repository/com/google/guava/failureaccess/1.0.1/failureaccess-1.0.1.jar:/workspace/m2-repository/com/google/guava/listenablefuture/9999.0-empty-to-avoid-conflict-with-guava/listenablefuture-9999.0-empty-to-avoid-conflict-with-guava.jar:/workspace/m2-repository/com/google/code/findbugs/jsr305/3.0.2/jsr305-3.0.2.jar:/workspace/m2-repository/org/checkerframework/checker-qual/3.5.0/checker-qual-3.5.0.jar:/workspace/m2-repository/com/google/errorprone/error_prone_annotations/2.3.4/error_prone_annotations-2.3.4.jar:/workspace/m2-repository/com/google/j2objc/j2objc-annotations/1.3/j2objc-annotations-1.3.jar:/workspace/m2-repository/org/testng/testng/7.3.0/testng-7.3.0.jar:/workspace/m2-repository/com/beust/jcommander/1.78/jcommander-1.78.jar:/workspace/m2-repository/org/apache/ant/ant/1.10.3/ant-1.10.3.jar:/workspace/m2-repository/org/apache/ant/ant-launcher/1.10.3/ant-launcher-1.10.3.jar:/workspace/m2-repository/junit/junit/4.12/junit-4.12.jar:/workspace/m2-repository/org/hamcrest/hamcrest-core/1.3/hamcrest-core-1.3.jar:/workspace/m2-repository/com/google/inject/guice/4.2.2/guice-4.2.2-no_aop.jar:/workspace/m2-repository/javax/inject/javax.inject/1/javax.inject-1.jar:/workspace/m2-repository/aopalliance/aopalliance/1.0/aopalliance-1.0.jar:/workspace/m2-repository/org/yaml/snakeyaml/1.21/snakeyaml-1.21.jar:/workspace/m2-repository/org/apache/poi/poi/4.1.2/poi-4.1.2.jar:/workspace/m2-repository/commons-codec/commons-codec/1.13/commons-codec-1.13.jar:/workspace/m2-repository/org/apache/commons/commons-collections4/4.4/commons-collections4-4.4.jar:/workspace/m2-repository/org/apache/commons/commons-math3/3.6.1/commons-math3-3.6.1.jar:/workspace/m2-repository/com/zaxxer/SparseBitSet/1.2/SparseBitSet-1.2.jar:"/>
    <property name="sun.cpu.endian" value="little"/>
    <property name="user.home" value="/home/gitpod"/>
    <property name="user.language" value="en"/>
    <property name="java.specification.vendor" value="Oracle Corporation"/>
    <property name="java.version.date" value="2021-01-19"/>
    <property name="java.home" value="/home/gitpod/.sdkman/candidates/java/11.0.10.fx-zulu"/>
    <property name="file.separator" value="/"/>
    <property name="basedir" value="/workspace/lambdatest_certification"/>
    <property name="java.vm.compressedOopsMode" value="32-bit"/>
    <property name="line.separator" value="&#10;"/>
    <property name="java.specification.name" value="Java Platform API Specification"/>
    <property name="java.vm.specification.vendor" value="Oracle Corporation"/>
    <property name="jdk.vendor.version" value="Zulu11.45+27-CA"/>
    <property name="java.awt.graphicsenv" value="sun.awt.X11GraphicsEnvironment"/>
    <property name="surefire.real.class.path" value="/workspace/lambdatest_certification/target/surefire/surefirebooter13331587124523742480.jar"/>
    <property name="sun.management.compiler" value="HotSpot 64-Bit Tiered Compilers"/>
    <property name="java.runtime.version" value="11.0.10+9-LTS"/>
    <property name="user.name" value="gitpod"/>
    <property name="path.separator" value=":"/>
    <property name="os.version" value="5.4.0-1033-gke"/>
    <property name="java.runtime.name" value="OpenJDK Runtime Environment"/>
    <property name="file.encoding" value="UTF-8"/>
    <property name="java.vm.name" value="OpenJDK 64-Bit Server VM"/>
    <property name="java.vendor.version" value="Zulu11.45+27-CA"/>
    <property name="localRepository" value="/workspace/m2-repository"/>
    <property name="java.vendor.url.bug" value="http://www.azulsystems.com/support/"/>
    <property name="java.io.tmpdir" value="/tmp"/>
    <property name="java.version" value="11.0.10"/>
    <property name="user.dir" value="/workspace/lambdatest_certification"/>
    <property name="os.arch" value="amd64"/>
    <property name="java.vm.specification.name" value="Java Virtual Machine Specification"/>
    <property name="java.awt.printerjob" value="sun.print.PSPrinterJob"/>
    <property name="sun.os.patch.level" value="unknown"/>
    <property name="java.library.path" value="/usr/java/packages/lib:/usr/lib64:/lib64:/lib:/usr/lib"/>
    <property name="java.vm.info" value="mixed mode"/>
    <property name="java.vendor" value="Azul Systems, Inc."/>
    <property name="java.vm.version" value="11.0.10+9-LTS"/>
    <property name="sun.io.unicode.encoding" value="UnicodeLittle"/>
    <property name="java.class.version" value="55.0"/>
  </properties>
  <testcase name="testSimple" classname="lambdatest_p.TestNGTodo" time="2.421"/>
</testsuite>