<?xml version="1.0" encoding="UTF-8"?>
<!-- Generated by org.testng.reporters.JUnitReportReporter -->
<testsuite hostname="DESKTOP-OEJBSOD" failures="0" tests="1" name="lambdatest_p.TestNGTodo" time="6.298" errors="0" timestamp="2021-05-31T01:18:12 GMT+05:30" skipped="0">
  <testcase classname="lambdatest_p.TestNGTodo" name="testSimple" time="6.298"/>
  <system-out/>
</testsuite> <!-- lambdatest_p.TestNGTodo -->
