<?xml version="1.0" encoding="UTF-8"?>
<!-- Generated by org.testng.reporters.JUnitReportReporter -->
<testsuite hostname="DESKTOP-OEJBSOD" failures="0" tests="1" name="lambdatest_p.Test1" time="0.013" errors="0" timestamp="2021-05-31T01:12:56 GMT+05:30" skipped="0">
  <testcase classname="lambdatest_p.Test1" name="lambdatest_task" time="0.013"/>
  <system-out/>
</testsuite> <!-- lambdatest_p.Test1 -->
