<?xml version="1.0" encoding="UTF-8"?>
<!-- Generated by org.testng.reporters.JUnitReportReporter -->
<testsuite hostname="ws-608c79d9-985b-4422-ae35-d65e10712ea2" failures="0" tests="1" name="lambdatest_p.TestNGTodo" time="2.465" errors="0" timestamp="2021-05-31T19:29:19 UTC" skipped="0">
  <testcase classname="lambdatest_p.TestNGTodo" name="testSimple" time="2.465"/>
  <system-out/>
</testsuite> <!-- lambdatest_p.TestNGTodo -->
