<?xml version="1.0" encoding="UTF-8"?>
<!-- Generated by org.testng.reporters.JUnitReportReporter -->
<testsuite hostname="ws-c93ac5b4-2c90-4fcf-b4e1-46de4b13af9b" failures="0" tests="1" name="lambdatest_p.TestNGTodo" time="3.078" errors="0" timestamp="2021-11-14T18:13:25 UTC" skipped="0">
  <testcase classname="lambdatest_p.TestNGTodo" name="scrollink_integration" time="3.078"/>
  <system-out/>
</testsuite> <!-- lambdatest_p.TestNGTodo -->
